[debug] [2026-04-24T20:11:26.964Z] ----------------------------------------------------------------------
[debug] [2026-04-24T20:11:26.966Z] Command:       /opt/homebrew/Cellar/node/24.2.0/bin/node /opt/homebrew/bin/firebase init
[debug] [2026-04-24T20:11:26.967Z] CLI Version:   15.15.0
[debug] [2026-04-24T20:11:26.967Z] Platform:      darwin
[debug] [2026-04-24T20:11:26.967Z] Node Version:  v24.2.0
[debug] [2026-04-24T20:11:26.967Z] Time:          Fri Apr 24 2026 23:11:26 GMT+0300 (Eastern European Summer Time)
[debug] [2026-04-24T20:11:26.967Z] ----------------------------------------------------------------------
[debug] 
[info] 
     ######## #### ########  ######## ########     ###     ######  ########
     ##        ##  ##     ## ##       ##     ##  ##   ##  ##       ##
     ######    ##  ########  ######   ########  #########  ######  ######
     ##        ##  ##    ##  ##       ##     ## ##     ##       ## ##
     ##       #### ##     ## ######## ########  ##     ##  ######  ########

You're about to initialize a Firebase project in this directory:

  /Users/vatistasdimitris/Downloads/Cipher AI

[info] 
=== Project Setup
[info] 
[info] First, let's associate this project directory with a Firebase project.
[info] You can create multiple project aliases by running firebase use --add, 
[info] 
[debug] [2026-04-24T20:12:17.254Z] > command requires scopes: ["email","openid","https://www.googleapis.com/auth/cloudplatformprojects.readonly","https://www.googleapis.com/auth/firebase","https://www.googleapis.com/auth/cloud-platform"]
[debug] [2026-04-24T20:12:17.254Z] > authorizing via signed-in user (vatistasdim.ae@gmail.com)
[debug] [2026-04-24T20:12:17.255Z] Checked if tokens are valid: true, expires at: 1777065078396
[debug] [2026-04-24T20:12:17.255Z] Checked if tokens are valid: true, expires at: 1777065078396
[debug] [2026-04-24T20:12:17.256Z] >>> [apiv2][query] GET https://firebase.googleapis.com/v1beta1/projects pageSize=100
[debug] [2026-04-24T20:12:17.850Z] <<< [apiv2][status] GET https://firebase.googleapis.com/v1beta1/projects 200
[debug] [2026-04-24T20:12:17.851Z] <<< [apiv2][body] GET https://firebase.googleapis.com/v1beta1/projects [omitted]
[info] 
=== Dataconnect Setup
[info] i  dataconnect: ensuring required API firebasedataconnect.googleapis.com is enabled... 
[debug] [2026-04-24T20:12:19.933Z] Checked if tokens are valid: true, expires at: 1777065078396
[debug] [2026-04-24T20:12:19.933Z] Checked if tokens are valid: true, expires at: 1777065078396
[info] i  dataconnect: ensuring required API sqladmin.googleapis.com is enabled... 
[debug] [2026-04-24T20:12:19.933Z] Checked if tokens are valid: true, expires at: 1777065078396
[debug] [2026-04-24T20:12:19.933Z] Checked if tokens are valid: true, expires at: 1777065078396
[debug] [2026-04-24T20:12:19.933Z] >>> [apiv2][query] GET https://serviceusage.googleapis.com/v1/projects/ciphertheai/services/firebasedataconnect.googleapis.com [none]
[debug] [2026-04-24T20:12:19.933Z] >>> [apiv2][(partial)header] GET https://serviceusage.googleapis.com/v1/projects/ciphertheai/services/firebasedataconnect.googleapis.com  x-goog-user-project=ciphertheai
[debug] [2026-04-24T20:12:19.934Z] >>> [apiv2][query] GET https://serviceusage.googleapis.com/v1/projects/ciphertheai/services/sqladmin.googleapis.com [none]
[debug] [2026-04-24T20:12:19.934Z] >>> [apiv2][(partial)header] GET https://serviceusage.googleapis.com/v1/projects/ciphertheai/services/sqladmin.googleapis.com  x-goog-user-project=ciphertheai
[debug] [2026-04-24T20:12:20.987Z] <<< [apiv2][status] GET https://serviceusage.googleapis.com/v1/projects/ciphertheai/services/sqladmin.googleapis.com 200
[debug] [2026-04-24T20:12:20.987Z] <<< [apiv2][body] GET https://serviceusage.googleapis.com/v1/projects/ciphertheai/services/sqladmin.googleapis.com [omitted]
[info] ✔  dataconnect: required API sqladmin.googleapis.com is enabled 
[debug] [2026-04-24T20:12:21.032Z] <<< [apiv2][status] GET https://serviceusage.googleapis.com/v1/projects/ciphertheai/services/firebasedataconnect.googleapis.com 200
[debug] [2026-04-24T20:12:21.032Z] <<< [apiv2][body] GET https://serviceusage.googleapis.com/v1/projects/ciphertheai/services/firebasedataconnect.googleapis.com [omitted]
[info] ✔  dataconnect: required API firebasedataconnect.googleapis.com is enabled 
[debug] [2026-04-24T20:12:21.037Z] Checked if tokens are valid: true, expires at: 1777065078396
[debug] [2026-04-24T20:12:21.037Z] Checked if tokens are valid: true, expires at: 1777065078396
[debug] [2026-04-24T20:12:21.037Z] >>> [apiv2][query] GET https://firebasedataconnect.googleapis.com/v1/projects/ciphertheai/locations/-/services [none]
[debug] [2026-04-24T20:12:22.352Z] <<< [apiv2][status] GET https://firebasedataconnect.googleapis.com/v1/projects/ciphertheai/locations/-/services 200
[debug] [2026-04-24T20:12:22.352Z] <<< [apiv2][body] GET https://firebasedataconnect.googleapis.com/v1/projects/ciphertheai/locations/-/services {}
[debug] [2026-04-24T20:12:26.687Z] Checked if tokens are valid: true, expires at: 1777065078396
[debug] [2026-04-24T20:12:26.687Z] Checked if tokens are valid: true, expires at: 1777065078396
[debug] [2026-04-24T20:12:26.688Z] >>> [apiv2][query] GET https://cloudbilling.googleapis.com/v1/projects/ciphertheai/billingInfo [none]
[debug] [2026-04-24T20:12:27.156Z] <<< [apiv2][status] GET https://cloudbilling.googleapis.com/v1/projects/ciphertheai/billingInfo 200
[debug] [2026-04-24T20:12:27.157Z] <<< [apiv2][body] GET https://cloudbilling.googleapis.com/v1/projects/ciphertheai/billingInfo {"name":"projects/ciphertheai/billingInfo","projectId":"ciphertheai","billingAccountName":"","billingEnabled":false}
[debug] [2026-04-24T20:12:27.157Z] Checked if tokens are valid: true, expires at: 1777065078396
[debug] [2026-04-24T20:12:27.157Z] Checked if tokens are valid: true, expires at: 1777065078396
[debug] [2026-04-24T20:12:27.158Z] >>> [apiv2][query] GET https://monitoring.googleapis.com/v3/projects/ciphertheai/timeSeries/ filter=metric.type%3D%22serviceruntime.googleapis.com%2Fquota%2Fallocation%2Fusage%22+AND+metric.label.quota_metric+%3D+%22sqladmin.googleapis.com%2Ffdc_lifetime_free_trial_per_project%22&interval.endTime=2026-04-24T20%3A12%3A27.157Z&interval.startTime=2026-04-17T20%3A12%3A27.157Z
[debug] [2026-04-24T20:12:28.238Z] <<< [apiv2][status] GET https://monitoring.googleapis.com/v3/projects/ciphertheai/timeSeries/ 200
[debug] [2026-04-24T20:12:28.238Z] <<< [apiv2][body] GET https://monitoring.googleapis.com/v3/projects/ciphertheai/timeSeries/ {"unit":"1"}
[info] ✔  dataconnect: CloudSQL no cost trial available! 
[debug] [2026-04-24T20:12:28.239Z] Checked if tokens are valid: true, expires at: 1777065078396
[debug] [2026-04-24T20:12:28.239Z] Checked if tokens are valid: true, expires at: 1777065078396
[debug] [2026-04-24T20:12:28.239Z] >>> [apiv2][query] GET https://sqladmin.googleapis.com/v1/projects/ciphertheai/instances [none]
[debug] [2026-04-24T20:12:29.102Z] <<< [apiv2][status] GET https://sqladmin.googleapis.com/v1/projects/ciphertheai/instances 200
[debug] [2026-04-24T20:12:29.102Z] <<< [apiv2][body] GET https://sqladmin.googleapis.com/v1/projects/ciphertheai/instances {}
[debug] [2026-04-24T20:12:29.103Z] Checked if tokens are valid: true, expires at: 1777065078396
[debug] [2026-04-24T20:12:29.103Z] Checked if tokens are valid: true, expires at: 1777065078396
[debug] [2026-04-24T20:12:29.103Z] >>> [apiv2][query] GET https://firebasedataconnect.googleapis.com/v1/projects/ciphertheai/locations [none]
[debug] [2026-04-24T20:12:30.125Z] <<< [apiv2][status] GET https://firebasedataconnect.googleapis.com/v1/projects/ciphertheai/locations 200
[debug] [2026-04-24T20:12:30.125Z] <<< [apiv2][body] GET https://firebasedataconnect.googleapis.com/v1/projects/ciphertheai/locations {"locations":[{"name":"projects/ciphertheai/locations/asia-east1","locationId":"asia-east1","displayName":"Taiwan"},{"name":"projects/ciphertheai/locations/asia-east2","locationId":"asia-east2","displayName":"Hong Kong"},{"name":"projects/ciphertheai/locations/asia-northeast1","locationId":"asia-northeast1","displayName":"Tokyo"},{"name":"projects/ciphertheai/locations/asia-northeast2","locationId":"asia-northeast2","displayName":"Osaka"},{"name":"projects/ciphertheai/locations/asia-northeast3","locationId":"asia-northeast3","displayName":"Seoul"},{"name":"projects/ciphertheai/locations/asia-south1","locationId":"asia-south1","displayName":"Mumbai"},{"name":"projects/ciphertheai/locations/asia-southeast1","locationId":"asia-southeast1","displayName":"Singapore"},{"name":"projects/ciphertheai/locations/asia-southeast2","locationId":"asia-southeast2","displayName":"Jakarta"},{"name":"projects/ciphertheai/locations/australia-southeast1","locationId":"australia-southeast1","displayName":"Sydney"},{"name":"projects/ciphertheai/locations/australia-southeast2","locationId":"australia-southeast2","displayName":"Melbourne"},{"name":"projects/ciphertheai/locations/europe-central2","locationId":"europe-central2","displayName":"Warsaw"},{"name":"projects/ciphertheai/locations/europe-north1","locationId":"europe-north1","displayName":"Finland"},{"name":"projects/ciphertheai/locations/europe-southwest1","locationId":"europe-southwest1","displayName":"Madrid"},{"name":"projects/ciphertheai/locations/europe-west1","locationId":"europe-west1","displayName":"Belgium"},{"name":"projects/ciphertheai/locations/europe-west2","locationId":"europe-west2","displayName":"London"},{"name":"projects/ciphertheai/locations/europe-west3","locationId":"europe-west3","displayName":"Frankfurt"},{"name":"projects/ciphertheai/locations/europe-west4","locationId":"europe-west4","displayName":"Netherlands"},{"name":"projects/ciphertheai/locations/europe-west6","locationId":"europe-west6","displayName":"Zurich"},{"name":"projects/ciphertheai/locations/europe-west8","locationId":"europe-west8","displayName":"Milan"},{"name":"projects/ciphertheai/locations/europe-west9","locationId":"europe-west9","displayName":"Paris"},{"name":"projects/ciphertheai/locations/me-west1","locationId":"me-west1","displayName":"Tel Aviv"},{"name":"projects/ciphertheai/locations/northamerica-northeast1","locationId":"northamerica-northeast1","displayName":"Montréal"},{"name":"projects/ciphertheai/locations/northamerica-northeast2","locationId":"northamerica-northeast2","displayName":"Toronto"},{"name":"projects/ciphertheai/locations/southamerica-east1","locationId":"southamerica-east1","displayName":"São Paulo"},{"name":"projects/ciphertheai/locations/southamerica-west1","locationId":"southamerica-west1","displayName":"Santiago"},{"name":"projects/ciphertheai/locations/us-central1","locationId":"us-central1","displayName":"Iowa"},{"name":"projects/ciphertheai/locations/us-east1","locationId":"us-east1","displayName":"South Carolina"},{"name":"projects/ciphertheai/locations/us-east4","locationId":"us-east4","displayName":"Northern Virginia"},{"name":"projects/ciphertheai/locations/us-south1","locationId":"us-south1","displayName":"Dallas"},{"name":"projects/ciphertheai/locations/us-west1","locationId":"us-west1","displayName":"Oregon"},{"name":"projects/ciphertheai/locations/us-west2","locationId":"us-west2","displayName":"Los Angeles"},{"name":"projects/ciphertheai/locations/us-west3","locationId":"us-west3","displayName":"Salt Lake City"},{"name":"projects/ciphertheai/locations/us-west4","locationId":"us-west4","displayName":"Las Vegas"}]}
[warn] ⚠  dataconnect: Cannot detect an existing app in the current directory. 
[debug] [2026-04-24T20:12:45.330Z] ExitPromptError: User force closed the prompt with SIGINT
    at Interface.sigint (/opt/homebrew/lib/node_modules/firebase-tools/node_modules/@inquirer/core/dist/commonjs/lib/create-prompt.js:101:37)
    at Interface.emit (node:events:507:28)
    at [_ttyWrite] [as _ttyWrite] (node:internal/readline/interface:1315:18)
    at ReadStream.onkeypress (node:internal/readline/interface:284:20)
    at ReadStream.emit (node:events:519:35)
    at emitKeys (node:internal/readline/utils:371:14)
    at emitKeys.next (<anonymous>)
    at ReadStream.onData (node:internal/readline/emitKeypressEvents:64:36)
    at ReadStream.emit (node:events:507:28)
    at addChunk (node:internal/streams/readable:559:12)
[error] 
[error] Error: An unexpected error has occurred.
